d:\cpp_program\application\netclientservice\mfcapplication1\x64\release\mfcapplication1.pch
d:\cpp_program\application\netclientservice\mfcapplication1\x64\release\vc141.pdb
d:\cpp_program\application\netclientservice\mfcapplication1\x64\release\stdafx.obj
d:\cpp_program\application\netclientservice\mfcapplication1\x64\release\threadsafebuffer.obj
d:\cpp_program\application\netclientservice\mfcapplication1\x64\release\socketserver.obj
d:\cpp_program\application\netclientservice\mfcapplication1\x64\release\socketclient.obj
d:\cpp_program\application\netclientservice\mfcapplication1\x64\release\mfcapplication1dlg.obj
d:\cpp_program\application\netclientservice\mfcapplication1\x64\release\mfcapplication1.obj
d:\cpp_program\application\netclientservice\mfcapplication1\x64\release\inifile.obj
d:\cpp_program\application\netclientservice\mfcapplication1\x64\release\httpclient.obj
d:\cpp_program\application\netclientservice\mfcapplication1\x64\release\devicedata.obj
d:\cpp_program\application\netclientservice\mfcapplication1\x64\release\dboperation.obj
d:\cpp_program\application\netclientservice\mfcapplication1\x64\release\datatypestruct.obj
d:\cpp_program\application\netclientservice\mfcapplication1\x64\release\dataexport.obj
d:\cpp_program\application\netclientservice\mfcapplication1\x64\release\clientdatas.obj
d:\cpp_program\application\netclientservice\mfcapplication1\x64\release\capturelaser.obj
d:\cpp_program\application\netclientservice\mfcapplication1\x64\release\buffermanager.obj
d:\cpp_program\application\netclientservice\mfcapplication1\x64\release\base64.obj
d:\cpp_program\application\netclientservice\mfcapplication1\x64\release\aioperationdatas.obj
d:\cpp_program\application\netclientservice\mfcapplication1\x64\release\networkclient.obj
d:\cpp_program\application\netclientservice\mfcapplication1\x64\release\stringutils.obj
d:\cpp_program\application\netclientservice\mfcapplication1\x64\release\coreutils.obj
d:\cpp_program\application\netclientservice\x64\release\mfcapplication1.exe
d:\cpp_program\application\netclientservice\x64\release\mfcapplication1.pdb
d:\cpp_program\application\netclientservice\x64\release\mfcapplication1.ipdb
d:\cpp_program\application\netclientservice\x64\release\mfcapplication1.iobj
d:\cpp_program\application\netclientservice\mfcapplication1\x64\release\mfcapplication1.res
d:\cpp_program\application\netclientservice\mfcapplication1\x64\release\mfcapplication1.tlog\cl.command.1.tlog
d:\cpp_program\application\netclientservice\mfcapplication1\x64\release\mfcapplication1.tlog\cl.read.1.tlog
d:\cpp_program\application\netclientservice\mfcapplication1\x64\release\mfcapplication1.tlog\cl.write.1.tlog
d:\cpp_program\application\netclientservice\mfcapplication1\x64\release\mfcapplication1.tlog\link.command.1.tlog
d:\cpp_program\application\netclientservice\mfcapplication1\x64\release\mfcapplication1.tlog\link.read.1.tlog
d:\cpp_program\application\netclientservice\mfcapplication1\x64\release\mfcapplication1.tlog\link.write.1.tlog
d:\cpp_program\application\netclientservice\mfcapplication1\x64\release\mfcapplication1.tlog\mfcapplication1.write.1u.tlog
d:\cpp_program\application\netclientservice\mfcapplication1\x64\release\mfcapplication1.tlog\rc.command.1.tlog
d:\cpp_program\application\netclientservice\mfcapplication1\x64\release\mfcapplication1.tlog\rc.read.1.tlog
d:\cpp_program\application\netclientservice\mfcapplication1\x64\release\mfcapplication1.tlog\rc.write.1.tlog
