d:\cpp_program\application\netclientservice\mfcapplication1\x64\debug\mfcapplication1.pch
d:\cpp_program\application\netclientservice\mfcapplication1\x64\debug\vc141.pdb
d:\cpp_program\application\netclientservice\mfcapplication1\x64\debug\vc141.idb
d:\cpp_program\application\netclientservice\mfcapplication1\x64\debug\stdafx.obj
d:\cpp_program\application\netclientservice\mfcapplication1\x64\debug\threadsafebuffer.obj
d:\cpp_program\application\netclientservice\mfcapplication1\x64\debug\socketserver.obj
d:\cpp_program\application\netclientservice\mfcapplication1\x64\debug\socketclient.obj
d:\cpp_program\application\netclientservice\mfcapplication1\x64\debug\mfcapplication1dlg.obj
d:\cpp_program\application\netclientservice\mfcapplication1\x64\debug\mfcapplication1.obj
d:\cpp_program\application\netclientservice\mfcapplication1\x64\debug\inifile.obj
d:\cpp_program\application\netclientservice\mfcapplication1\x64\debug\httpclient.obj
d:\cpp_program\application\netclientservice\mfcapplication1\x64\debug\devicedata.obj
d:\cpp_program\application\netclientservice\mfcapplication1\x64\debug\dboperation.obj
d:\cpp_program\application\netclientservice\mfcapplication1\x64\debug\datatypestruct.obj
d:\cpp_program\application\netclientservice\mfcapplication1\x64\debug\dataexport.obj
d:\cpp_program\application\netclientservice\mfcapplication1\x64\debug\clientdatas.obj
d:\cpp_program\application\netclientservice\mfcapplication1\x64\debug\capturelaser.obj
d:\cpp_program\application\netclientservice\mfcapplication1\x64\debug\buffermanager.obj
d:\cpp_program\application\netclientservice\mfcapplication1\x64\debug\base64.obj
d:\cpp_program\application\netclientservice\mfcapplication1\x64\debug\aioperationdatas.obj
d:\cpp_program\application\netclientservice\mfcapplication1\x64\debug\networkclient.obj
d:\cpp_program\application\netclientservice\mfcapplication1\x64\debug\stringutils.obj
d:\cpp_program\application\netclientservice\mfcapplication1\x64\debug\coreutils.obj
d:\cpp_program\application\netclientservice\x64\debug\mfcapplication1.exe
d:\cpp_program\application\netclientservice\x64\debug\mfcapplication1.ilk
d:\cpp_program\application\netclientservice\mfcapplication1\x64\debug\mfcapplication1.res
d:\cpp_program\application\netclientservice\mfcapplication1\x64\debug\mfcapplication1.tlog\cl.command.1.tlog
d:\cpp_program\application\netclientservice\mfcapplication1\x64\debug\mfcapplication1.tlog\cl.read.1.tlog
d:\cpp_program\application\netclientservice\mfcapplication1\x64\debug\mfcapplication1.tlog\cl.write.1.tlog
d:\cpp_program\application\netclientservice\mfcapplication1\x64\debug\mfcapplication1.tlog\link.command.1.tlog
d:\cpp_program\application\netclientservice\mfcapplication1\x64\debug\mfcapplication1.tlog\link.read.1.tlog
d:\cpp_program\application\netclientservice\mfcapplication1\x64\debug\mfcapplication1.tlog\link.write.1.tlog
d:\cpp_program\application\netclientservice\mfcapplication1\x64\debug\mfcapplication1.tlog\rc.command.1.tlog
d:\cpp_program\application\netclientservice\mfcapplication1\x64\debug\mfcapplication1.tlog\rc.read.1.tlog
d:\cpp_program\application\netclientservice\mfcapplication1\x64\debug\mfcapplication1.tlog\rc.write.1.tlog
